<?xml version="1.0" encoding="utf-8"?><testsuites name="pytest tests"><testsuite name="pytest" errors="0" failures="0" skipped="0" tests="7" time="5.136" timestamp="2026-08-26T05:39:58.935831+00:00" hostname="agent-env-aaf0154c-48d1-4120-aa61-fd026e71edde"><testcase classname="tests.test_auth_flows.TestForgotReset" name="test_full_reset_flow" time="3.163" /><testcase classname="tests.test_auth_flows.TestRegisterApproval" name="test_register_creates_pending_and_pending_cannot_login" time="2.240" /><testcase classname="tests.test_auth_flows.TestRegisterApproval" name="test_non_admin_cannot_approve" time="0.827" /><testcase classname="tests.test_auth_flows.TestRegisterApproval" name="test_owner_approves_and_user_can_login" time="0.392" /><testcase classname="tests.test_auth_flows.TestForgotReset" name="test_invalid_reset_token" time="0.300" /><testcase classname="tests.test_auth_flows.TestRegisterApproval" name="test_existing_seeded_users_still_login" time="1.084" /><testcase classname="tests.test_auth_flows.TestForgotReset" name="test_forgot_password_unknown_email_generic_response" time="0.092" /></testsuite></testsuites>