<?xml version="1.0" encoding="utf-8"?><testsuites name="pytest tests"><testsuite name="pytest" errors="0" failures="1" skipped="0" tests="16" time="2.553" timestamp="2026-08-26T04:54:55.538492+00:00" hostname="agent-env-aaf0154c-48d1-4120-aa61-fd026e71edde"><testcase classname="tests.backend_test.TestAuth" name="test_login_invalid" time="0.439" /><testcase classname="tests.backend_test.TestProducts" name="test_list_products" time="0.948" /><testcase classname="tests.backend_test.TestAuth" name="test_me" time="0.687" /><testcase classname="tests.backend_test.TestProducts" name="test_create_and_update_product" time="0.128" /><testcase classname="tests.backend_test.TestProducts" name="test_inventory" time="0.063" /><testcase classname="tests.backend_test.TestAuth" name="test_me_no_token" time="0.126" /><testcase classname="tests.backend_test.TestScaleEvents" name="test_scale_event_creates_ledger_and_deducts_stock" time="0.327" /><testcase classname="tests.backend_test.TestCRUD" name="test_create_user_and_duplicate_rejected" time="0.050"><failure message="assert 422 == 200&#10; +  where 422 = &lt;Response [422]&gt;.status_code">backend/tests/backend_test.py:180: in test_create_user_and_duplicate_rejected
    assert r.status_code == 200
E   assert 422 == 200
E    +  where 422 = &lt;Response [422]&gt;.status_code</failure></testcase><testcase classname="tests.backend_test.TestCRUD" name="test_create_outlet" time="0.047" /><testcase classname="tests.backend_test.TestCRUD" name="test_create_device" time="0.045" /><testcase classname="tests.backend_test.TestFutureEvents" name="test_camera_event" time="0.099" /><testcase classname="tests.backend_test.TestScaleEvents" name="test_scale_event_idempotency" time="0.288" /><testcase classname="tests.backend_test.TestFutureEvents" name="test_sales_event" time="0.188" /><testcase classname="tests.backend_test.TestDashboard" name="test_summary" time="0.050" /><testcase classname="tests.backend_test.TestMovements" name="test_filter_movements" time="0.059" /><testcase classname="tests.backend_test.TestMovements" name="test_manual_stock_in" time="0.168" /></testsuite></testsuites>